<?xml version="1.0" encoding="UTF-8"?>
<!-- Generated by org.testng.reporters.JUnitReportReporter -->
<testsuite hostname="OSO-DTP-057" name="HRSetup.EmployeeLifeCycle.Yoesh.LeaveEntitlement" tests="5" failures="0" timestamp="21 Sep 2016 09:11:43 GMT" time="34.696" errors="1">
  <testcase name="LeaveEntitlementNewData" time="10.559" classname="HRSetup.EmployeeLifeCycle.Yoesh.LeaveEntitlement"/>
  <testcase name="LeaveEntitlementNewData" time="8.123" classname="HRSetup.EmployeeLifeCycle.Yoesh.LeaveEntitlement"/>
  <testcase name="TestSearchButton" time="1.603" classname="HRSetup.EmployeeLifeCycle.Yoesh.LeaveEntitlement"/>
  <testcase name="LETestClearSearchButton" time="5.022" classname="HRSetup.EmployeeLifeCycle.Yoesh.LeaveEntitlement">
    <error type="java.lang.IllegalArgumentException" message="Cannot find elements with a null id attribute.">
      <![CDATA[java.lang.IllegalArgumentException: Cannot find elements with a null id attribute.
	at org.openqa.selenium.By.id(By.java:53)
	at HRSetup.EmployeeLifeCycle.Yoesh.LeaveEntitlement.LETestClearSearchButton(LeaveEntitlement.java:121)
	at sun.reflect.NativeMethodAccessorImpl.invoke0(Native Method)
	at sun.reflect.NativeMethodAccessorImpl.invoke(Unknown Source)
	at sun.reflect.DelegatingMethodAccessorImpl.invoke(Unknown Source)
	at java.lang.reflect.Method.invoke(Unknown Source)
	at org.testng.internal.MethodInvocationHelper.invokeMethod(MethodInvocationHelper.java:85)
	at org.testng.internal.Invoker.invokeMethod(Invoker.java:639)
	at org.testng.internal.Invoker.invokeTestMethod(Invoker.java:821)
	at org.testng.internal.Invoker.invokeTestMethods(Invoker.java:1131)
	at org.testng.internal.TestMethodWorker.invokeTestMethods(TestMethodWorker.java:124)
	at org.testng.internal.TestMethodWorker.run(TestMethodWorker.java:108)
	at org.testng.TestRunner.privateRun(TestRunner.java:773)
	at org.testng.TestRunner.run(TestRunner.java:623)
	at org.testng.SuiteRunner.runTest(SuiteRunner.java:357)
	at org.testng.SuiteRunner.runSequentially(SuiteRunner.java:352)
	at org.testng.SuiteRunner.privateRun(SuiteRunner.java:310)
	at org.testng.SuiteRunner.run(SuiteRunner.java:259)
	at org.testng.SuiteRunnerWorker.runSuite(SuiteRunnerWorker.java:52)
	at org.testng.SuiteRunnerWorker.run(SuiteRunnerWorker.java:86)
	at org.testng.TestNG.runSuitesSequentially(TestNG.java:1185)
	at org.testng.TestNG.runSuitesLocally(TestNG.java:1110)
	at org.testng.TestNG.run(TestNG.java:1018)
	at org.testng.remote.AbstractRemoteTestNG.run(AbstractRemoteTestNG.java:126)
	at org.testng.remote.RemoteTestNG.initAndRun(RemoteTestNG.java:152)
	at org.testng.remote.RemoteTestNG.main(RemoteTestNG.java:57)
]]>
    </error>
  </testcase> <!-- LETestClearSearchButton -->
  <testcase name="Edit" time="9.389" classname="HRSetup.EmployeeLifeCycle.Yoesh.LeaveEntitlement"/>
</testsuite> <!-- HRSetup.EmployeeLifeCycle.Yoesh.LeaveEntitlement -->
