<?xml version="1.0" encoding="UTF-8"?>
<!-- Generated by org.testng.reporters.JUnitXMLReporter -->
<testsuite hostname="OSO-DTP-057" name="2" tests="9" failures="1" timestamp="17 Oct 2016 05:22:29 GMT" time="220.57" errors="0">
  <testcase name="TestSearchButton" time="18.592" classname="HRSetup.General.Yogesh.QuestionMaster">
    <failure type="org.openqa.selenium.UnhandledAlertException" message="Unexpected modal dialog (text: No Data found.): No Data found.
Build info: version: &amp;apos;2.48.2&amp;apos;, revision: &amp;apos;41bccdd&amp;apos;, time: &amp;apos;2015-10-09 19:55:52&amp;apos;
System info: host: &amp;apos;OSO-DTP-057&amp;apos;, ip: &amp;apos;169.254.80.80&amp;apos;, os.name: &amp;apos;Windows 8.1&amp;apos;, os.arch: &amp;apos;x86&amp;apos;, os.version: &amp;apos;6.3&amp;apos;, java.version: &amp;apos;1.8.0_25&amp;apos;
Driver info: org.openqa.selenium.firefox.FirefoxDriver
Capabilities [{applicationCacheEnabled=true, rotatable=false, handlesAlerts=true, databaseEnabled=true, version=36.0.1, platform=WINDOWS, nativeEvents=false, acceptSslCerts=true, webStorageEnabled=true, locationContextEnabled=true, browserName=firefox, takesScreenshot=true, javascriptEnabled=true, cssSelectorsEnabled=true}]
Session ID: d0f08cf5-c41f-403a-be12-2f3d134a3577">
      <![CDATA[org.openqa.selenium.UnhandledAlertException: Unexpected modal dialog (text: No Data found.): No Data found.
Build info: version: '2.48.2', revision: '41bccdd', time: '2015-10-09 19:55:52'
System info: host: 'OSO-DTP-057', ip: '169.254.80.80', os.name: 'Windows 8.1', os.arch: 'x86', os.version: '6.3', java.version: '1.8.0_25'
Driver info: org.openqa.selenium.firefox.FirefoxDriver
Capabilities [{applicationCacheEnabled=true, rotatable=false, handlesAlerts=true, databaseEnabled=true, version=36.0.1, platform=WINDOWS, nativeEvents=false, acceptSslCerts=true, webStorageEnabled=true, locationContextEnabled=true, browserName=firefox, takesScreenshot=true, javascriptEnabled=true, cssSelectorsEnabled=true}]
Session ID: d0f08cf5-c41f-403a-be12-2f3d134a3577
	at org.openqa.selenium.remote.ErrorHandler.createThrowable(ErrorHandler.java:206)
	at org.openqa.selenium.remote.ErrorHandler.createUnhandledAlertException(ErrorHandler.java:187)
	at org.openqa.selenium.remote.ErrorHandler.throwIfResponseFailed(ErrorHandler.java:154)
	at org.openqa.selenium.remote.RemoteWebDriver.execute(RemoteWebDriver.java:647)
	at org.openqa.selenium.remote.RemoteWebDriver.execute(RemoteWebDriver.java:670)
	at org.openqa.selenium.remote.RemoteWebDriver.getPageSource(RemoteWebDriver.java:501)
	at HRSetup.General.Yogesh.QuestionMaster.TestSearchButton(QuestionMaster.java:77)
... Removed 28 stack frames]]>
    </failure>
  </testcase> <!-- TestSearchButton -->
  <testcase name="TestClearSearchButton" time="14.275" classname="HRSetup.General.Yogesh.QuestionMaster"/>
  <testcase name="Edit" time="15.736" classname="HRSetup.General.Yogesh.QuestionMaster"/>
  <testcase name="Delete" time="13.143" classname="HRSetup.General.Yogesh.QuestionMaster"/>
  <testcase name="objectivenewdata" time="30.535" classname="HRSetup.General.Yogesh.QuestionMaster"/>
  <testcase name="objectivenewdata" time="29.713" classname="HRSetup.General.Yogesh.QuestionMaster"/>
  <testcase name="Subjectivenewdata" time="26.259" classname="HRSetup.General.Yogesh.QuestionMaster"/>
  <testcase name="Subjectivenewdata" time="27.703" classname="HRSetup.General.Yogesh.QuestionMaster"/>
  <testcase name="Subjectivenewdata" time="28.895" classname="HRSetup.General.Yogesh.QuestionMaster"/>
</testsuite> <!-- 2 -->
