<?xml version="1.0" encoding="UTF-8"?>
<!-- Generated by org.testng.reporters.JUnitXMLReporter -->
<testsuite hostname="OSO-DTP-057" name="3" tests="7" failures="1" timestamp="17 Oct 2016 05:26:18 GMT" time="119.167" errors="0">
  <testcase name="TestSearchButton" time="16.269" classname="HRSetup.General.Yogesh.BasicSalaryRange"/>
  <testcase name="adminLogin" time="17.327" classname="HRSetup.General.Yogesh.BasicSalaryRange">
    <failure type="org.openqa.selenium.NoSuchElementException" message="Unable to locate element: {&amp;quot;method&amp;quot;:&amp;quot;link text&amp;quot;,&amp;quot;selector&amp;quot;:&amp;quot;General&amp;quot;}
Command duration or timeout: 10.75 seconds
For documentation on this error, please visit: http://seleniumhq.org/exceptions/no_such_element.html
Build info: version: &amp;apos;2.48.2&amp;apos;, revision: &amp;apos;41bccdd&amp;apos;, time: &amp;apos;2015-10-09 19:55:52&amp;apos;
System info: host: &amp;apos;OSO-DTP-057&amp;apos;, ip: &amp;apos;169.254.80.80&amp;apos;, os.name: &amp;apos;Windows 8.1&amp;apos;, os.arch: &amp;apos;x86&amp;apos;, os.version: &amp;apos;6.3&amp;apos;, java.version: &amp;apos;1.8.0_25&amp;apos;
Driver info: org.openqa.selenium.firefox.FirefoxDriver
Capabilities [{applicationCacheEnabled=true, rotatable=false, handlesAlerts=true, databaseEnabled=true, version=36.0.1, platform=WINDOWS, nativeEvents=false, acceptSslCerts=true, webStorageEnabled=true, locationContextEnabled=true, browserName=firefox, takesScreenshot=true, javascriptEnabled=true, cssSelectorsEnabled=true}]
Session ID: 8e6cdba2-66be-4d96-8bca-0577ab6709ec
*** Element info: {Using=link text, value=General}">
      <![CDATA[org.openqa.selenium.NoSuchElementException: Unable to locate element: {"method":"link text","selector":"General"}
Command duration or timeout: 10.75 seconds
For documentation on this error, please visit: http://seleniumhq.org/exceptions/no_such_element.html
Build info: version: '2.48.2', revision: '41bccdd', time: '2015-10-09 19:55:52'
System info: host: 'OSO-DTP-057', ip: '169.254.80.80', os.name: 'Windows 8.1', os.arch: 'x86', os.version: '6.3', java.version: '1.8.0_25'
Driver info: org.openqa.selenium.firefox.FirefoxDriver
Capabilities [{applicationCacheEnabled=true, rotatable=false, handlesAlerts=true, databaseEnabled=true, version=36.0.1, platform=WINDOWS, nativeEvents=false, acceptSslCerts=true, webStorageEnabled=true, locationContextEnabled=true, browserName=firefox, takesScreenshot=true, javascriptEnabled=true, cssSelectorsEnabled=true}]
Session ID: 8e6cdba2-66be-4d96-8bca-0577ab6709ec
*** Element info: {Using=link text, value=General}
	at org.openqa.selenium.remote.ErrorHandler.createThrowable(ErrorHandler.java:206)
	at org.openqa.selenium.remote.ErrorHandler.throwIfResponseFailed(ErrorHandler.java:158)
	at org.openqa.selenium.remote.RemoteWebDriver.execute(RemoteWebDriver.java:647)
	at org.openqa.selenium.remote.RemoteWebDriver.findElement(RemoteWebDriver.java:353)
	at org.openqa.selenium.remote.RemoteWebDriver.findElementByLinkText(RemoteWebDriver.java:418)
	at org.openqa.selenium.By$ByLinkText.findElement(By.java:246)
	at org.openqa.selenium.remote.RemoteWebDriver.findElement(RemoteWebDriver.java:345)
	at baseClass.BaseClass.CommomMenu(BaseClass.java:307)
	at HRSetup.General.Yogesh.BasicSalaryRange.adminLogin(BasicSalaryRange.java:168)
Caused by: org.openqa.selenium.NoSuchElementException: Unable to locate element: {"method":"link text","selector":"General"}
For documentation on this error, please visit: http://seleniumhq.org/exceptions/no_such_element.html
Build info: version: '2.48.2', revision: '41bccdd', time: '2015-10-09 19:55:52'
System info: host: 'OSO-DTP-057', ip: '169.254.80.80', os.name: 'Windows 8.1', os.arch: 'x86', os.version: '6.3', java.version: '1.8.0_25'
Driver info: driver.version: unknown
	at <anonymous class>.FirefoxDriver.prototype.findElementInternal_(file:///C:/Users/YOGESH~1.MAN/AppData/Local/Temp/anonymous2239908636593052340webdriver-profile/extensions/fxdriver@googlecode.com/components/driver-component.js:10659)
	at <anonymous class>.fxdriver.Timer.prototype.setTimeout/<.notify(file:///C:/Users/YOGESH~1.MAN/AppData/Local/Temp/anonymous2239908636593052340webdriver-profile/extensions/fxdriver@googlecode.com/components/driver-component.js:621)
... Removed 28 stack frames]]>
    </failure>
  </testcase> <!-- adminLogin -->
  <testcase name="adminLogin" time="17.922" classname="HRSetup.General.Yogesh.BasicSalaryRange"/>
  <testcase name="adminLogin" time="16.943" classname="HRSetup.General.Yogesh.BasicSalaryRange"/>
  <testcase name="TestClearSearchButton" time="11.837" classname="HRSetup.General.Yogesh.BasicSalaryRange"/>
  <testcase name="Edit" time="13.749" classname="HRSetup.General.Yogesh.BasicSalaryRange"/>
  <testcase name="Delete" time="11.638" classname="HRSetup.General.Yogesh.BasicSalaryRange"/>
</testsuite> <!-- 3 -->
